# JRE version: Java(TM) SE Runtime Environment (8.0_131-b11) (build 1.8.0_131-b11)
# Java VM: Java HotSpot(TM) 64-Bit Server VM (25.131-b11 mixed mode linux-amd64 compressed oops)
Heap:
 PSYoungGen      total 482816K, used 160K [0x00000000d5580000, 0x00000000f8b80000, 0x0000000100000000)
  eden space 451584K, 0% used [0x00000000d5580000,0x00000000d5580000,0x00000000f0e80000)
  from space 31232K, 0% used [0x00000000f0e80000,0x00000000f0ea8000,0x00000000f2d00000)
  to   space 30720K, 0% used [0x00000000f2d00000,0x00000000f2d00000,0x00000000f4b00000)
 ParOldGen       total 90624K, used 43572K [0x0000000080000000, 0x0000000085880000, 0x00000000d5580000)
  object space 90624K, 48% used [0x0000000080000000,0x0000000082a8d160,0x0000000085880000)
 Metaspace       used 22475K, capacity 22761K, committed 22912K, reserved 1071104K
  class space    used 2054K, capacity 2154K, committed 2176K, reserved 1048576K
GC Heap History (10 events):
Event: 73.654 GC heap after
Heap after GC invocations=11 (full 1):
 PSYoungGen      total 320000K, used 128K [0x00000000d5580000, 0x00000000eb500000, 0x0000000100000000)
  eden space 298496K, 0% used [0x00000000d5580000,0x00000000d5580000,0x00000000e7900000)
  from space 21504K, 0% used [0x00000000ea000000,0x00000000ea020000,0x00000000eb500000)
  to   space 30720K, 0% used [0x00000000e7900000,0x00000000e7900000,0x00000000e9700000)
 ParOldGen       total 90624K, used 27650K [0x0000000080000000, 0x0000000085880000, 0x00000000d5580000)
  object space 90624K, 30% used [0x0000000080000000,0x0000000081b00a80,0x0000000085880000)
 Metaspace       used 21904K, capacity 22147K, committed 22320K, reserved 1069056K
  class space    used 2026K, capacity 2121K, committed 2176K, reserved 1048576K
}
Event: 87.845 GC heap before
{Heap before GC invocations=12 (full 1):
 PSYoungGen      total 320000K, used 298624K [0x00000000d5580000, 0x00000000eb500000, 0x0000000100000000)
  eden space 298496K, 100% used [0x00000000d5580000,0x00000000e7900000,0x00000000e7900000)
  from space 21504K, 0% used [0x00000000ea000000,0x00000000ea020000,0x00000000eb500000)
  to   space 30720K, 0% used [0x00000000e7900000,0x00000000e7900000,0x00000000e9700000)
 ParOldGen       total 90624K, used 27650K [0x0000000080000000, 0x0000000085880000, 0x00000000d5580000)
  object space 90624K, 30% used [0x0000000080000000,0x0000000081b00a80,0x0000000085880000)
 Metaspace       used 21988K, capacity 22211K, committed 22576K, reserved 1069056K
  class space    used 2026K, capacity 2121K, committed 2176K, reserved 1048576K
Event: 87.846 GC heap after
Heap after GC invocations=12 (full 1):
 PSYoungGen      total 329216K, used 128K [0x00000000d5580000, 0x00000000f0980000, 0x0000000100000000)
  eden space 298496K, 0% used [0x00000000d5580000,0x00000000d5580000,0x00000000e7900000)
  from space 30720K, 0% used [0x00000000e7900000,0x00000000e7920000,0x00000000e9700000)
  to   space 30720K, 0% used [0x00000000eeb80000,0x00000000eeb80000,0x00000000f0980000)
 ParOldGen       total 90624K, used 27682K [0x0000000080000000, 0x0000000085880000, 0x00000000d5580000)
  object space 90624K, 30% used [0x0000000080000000,0x0000000081b08a80,0x0000000085880000)
 Metaspace       used 21988K, capacity 22211K, committed 22576K, reserved 1069056K
  class space    used 2026K, capacity 2121K, committed 2176K, reserved 1048576K
}
Event: 103.480 GC heap before
{Heap before GC invocations=13 (full 1):
 PSYoungGen      total 329216K, used 298624K [0x00000000d5580000, 0x00000000f0980000, 0x0000000100000000)
  eden space 298496K, 100% used [0x00000000d5580000,0x00000000e7900000,0x00000000e7900000)
  from space 30720K, 0% used [0x00000000e7900000,0x00000000e7920000,0x00000000e9700000)
  to   space 30720K, 0% used [0x00000000eeb80000,0x00000000eeb80000,0x00000000f0980000)
 ParOldGen       total 90624K, used 27682K [0x0000000080000000, 0x0000000085880000, 0x00000000d5580000)
  object space 90624K, 30% used [0x0000000080000000,0x0000000081b08a80,0x0000000085880000)
 Metaspace       used 22121K, capacity 22339K, committed 22576K, reserved 1069056K
  class space    used 2028K, capacity 2121K, committed 2176K, reserved 1048576K
Event: 103.482 GC heap after
Heap after GC invocations=13 (full 1):
 PSYoungGen      total 390144K, used 303K [0x00000000d5580000, 0x00000000efc80000, 0x0000000100000000)
  eden space 372736K, 0% used [0x00000000d5580000,0x00000000d5580000,0x00000000ec180000)
  from space 17408K, 1% used [0x00000000eeb80000,0x00000000eebcbe50,0x00000000efc80000)
  to   space 30208K, 0% used [0x00000000ec180000,0x00000000ec180000,0x00000000edf00000)
 ParOldGen       total 90624K, used 27698K [0x0000000080000000, 0x0000000085880000, 0x00000000d5580000)
  object space 90624K, 30% used [0x0000000080000000,0x0000000081b0ca80,0x0000000085880000)
 Metaspace       used 22121K, capacity 22339K, committed 22576K, reserved 1069056K
  class space    used 2028K, capacity 2121K, committed 2176K, reserved 1048576K
}
Event: 130.029 GC heap before
{Heap before GC invocations=14 (full 1):
 PSYoungGen      total 390144K, used 373039K [0x00000000d5580000, 0x00000000efc80000, 0x0000000100000000)
  eden space 372736K, 100% used [0x00000000d5580000,0x00000000ec180000,0x00000000ec180000)
  from space 17408K, 1% used [0x00000000eeb80000,0x00000000eebcbe50,0x00000000efc80000)
  to   space 30208K, 0% used [0x00000000ec180000,0x00000000ec180000,0x00000000edf00000)
 ParOldGen       total 90624K, used 27698K [0x0000000080000000, 0x0000000085880000, 0x00000000d5580000)
  object space 90624K, 30% used [0x0000000080000000,0x0000000081b0ca80,0x0000000085880000)
 Metaspace       used 22394K, capacity 22697K, committed 22912K, reserved 1071104K
  class space    used 2053K, capacity 2154K, committed 2176K, reserved 1048576K
Event: 130.046 GC heap after
Heap after GC invocations=14 (full 1):
 PSYoungGen      total 402944K, used 16098K [0x00000000d5580000, 0x00000000f4b00000, 0x0000000100000000)
  eden space 372736K, 0% used [0x00000000d5580000,0x00000000d5580000,0x00000000ec180000)
  from space 30208K, 53% used [0x00000000ec180000,0x00000000ed1389d0,0x00000000edf00000)
  to   space 30720K, 0% used [0x00000000f2d00000,0x00000000f2d00000,0x00000000f4b00000)
 ParOldGen       total 90624K, used 27706K [0x0000000080000000, 0x0000000085880000, 0x00000000d5580000)
  object space 90624K, 30% used [0x0000000080000000,0x0000000081b0ea80,0x0000000085880000)
 Metaspace       used 22394K, capacity 22697K, committed 22912K, reserved 1071104K
  class space    used 2053K, capacity 2154K, committed 2176K, reserved 1048576K
}
Event: 145.121 GC heap before
{Heap before GC invocations=15 (full 1):
 PSYoungGen      total 402944K, used 388834K [0x00000000d5580000, 0x00000000f4b00000, 0x0000000100000000)
  eden space 372736K, 100% used [0x00000000d5580000,0x00000000ec180000,0x00000000ec180000)
  from space 30208K, 53% used [0x00000000ec180000,0x00000000ed1389d0,0x00000000edf00000)
  to   space 30720K, 0% used [0x00000000f2d00000,0x00000000f2d00000,0x00000000f4b00000)
 ParOldGen       total 90624K, used 27706K [0x0000000080000000, 0x0000000085880000, 0x00000000d5580000)
  object space 90624K, 30% used [0x0000000080000000,0x0000000081b0ea80,0x0000000085880000)
 Metaspace       used 22445K, capacity 22697K, committed 22912K, reserved 1071104K
  class space    used 2054K, capacity 2154K, committed 2176K, reserved 1048576K
Event: 145.753 GC heap after
Heap after GC invocations=15 (full 1):
 PSYoungGen      total 482304K, used 15970K [0x00000000d5580000, 0x00000000f8b80000, 0x0000000100000000)
  eden space 451584K, 0% used [0x00000000d5580000,0x00000000d5580000,0x00000000f0e80000)
  from space 30720K, 51% used [0x00000000f2d00000,0x00000000f3c989b0,0x00000000f4b00000)
  to   space 31232K, 0% used [0x00000000f0e80000,0x00000000f0e80000,0x00000000f2d00000)
 ParOldGen       total 90624K, used 27714K [0x0000000080000000, 0x0000000085880000, 0x00000000d5580000)
  object space 90624K, 30% used [0x0000000080000000,0x0000000081b10a80,0x0000000085880000)
 Metaspace       used 22445K, capacity 22697K, committed 22912K, reserved 1071104K
  class space    used 2054K, capacity 2154K, committed 2176K, reserved 1048576K
}
Event: 175.206 GC heap before
{Heap before GC invocations=16 (full 1):
 PSYoungGen      total 482304K, used 467554K [0x00000000d5580000, 0x00000000f8b80000, 0x0000000100000000)
  eden space 451584K, 100% used [0x00000000d5580000,0x00000000f0e80000,0x00000000f0e80000)
  from space 30720K, 51% used [0x00000000f2d00000,0x00000000f3c989b0,0x00000000f4b00000)
  to   space 31232K, 0% used [0x00000000f0e80000,0x00000000f0e80000,0x00000000f2d00000)
 ParOldGen       total 90624K, used 27714K [0x0000000080000000, 0x0000000085880000, 0x00000000d5580000)
  object space 90624K, 30% used [0x0000000080000000,0x0000000081b10a80,0x0000000085880000)
 Metaspace       used 22475K, capacity 22761K, committed 22912K, reserved 1071104K
  class space    used 2054K, capacity 2154K, committed 2176K, reserved 1048576K

